15 Mar 2024 10:14:17,333 TRACE ro.mpp2024.Repository.EmployeesDBRepository 169 findAll - Enter
15 Mar 2024 10:14:17,337 TRACE ro.mpp2024.Utils.JdbcUtils 48 getConnection - Enter
15 Mar 2024 10:14:17,337 TRACE ro.mpp2024.Utils.JdbcUtils 25 getNewConnection - Enter
15 Mar 2024 10:14:17,346 INFO  ro.mpp2024.Utils.JdbcUtils 30 getNewConnection - trying to connect to database ... jdbc:mariadb://localhost:3306/firma_transport
15 Mar 2024 10:14:17,346 INFO  ro.mpp2024.Utils.JdbcUtils 31 getNewConnection - user: root
15 Mar 2024 10:14:17,347 INFO  ro.mpp2024.Utils.JdbcUtils 32 getNewConnection - pass: mariadb
15 Mar 2024 10:14:17,445 TRACE ro.mpp2024.Utils.JdbcUtils 57 getConnection - Exit with(org.mariadb.jdbc.Connection@bb9e6dc)
15 Mar 2024 10:14:17,458 TRACE ro.mpp2024.Repository.EmployeesDBRepository 195 findAll - Exit with([id=1, username='andrei_p', password='3a8f7b6c00a3d17deeefc1ef97f60fb7d062c3844dcf61eb6507b9724a1871e7'])
15 Mar 2024 10:14:17,458 TRACE ro.mpp2024.Repository.RoutesDBRepository 135 findAll - Enter
15 Mar 2024 10:14:17,458 TRACE ro.mpp2024.Utils.JdbcUtils 48 getConnection - Enter
15 Mar 2024 10:14:17,459 TRACE ro.mpp2024.Utils.JdbcUtils 25 getNewConnection - Enter
15 Mar 2024 10:14:17,459 INFO  ro.mpp2024.Utils.JdbcUtils 30 getNewConnection - trying to connect to database ... jdbc:mariadb://localhost:3306/firma_transport
15 Mar 2024 10:14:17,459 INFO  ro.mpp2024.Utils.JdbcUtils 31 getNewConnection - user: root
15 Mar 2024 10:14:17,459 INFO  ro.mpp2024.Utils.JdbcUtils 32 getNewConnection - pass: mariadb
15 Mar 2024 10:14:17,463 TRACE ro.mpp2024.Utils.JdbcUtils 57 getConnection - Exit with(org.mariadb.jdbc.Connection@518caac3)
15 Mar 2024 10:14:17,468 TRACE ro.mpp2024.Repository.RoutesDBRepository 163 findAll - Exit with([id=1, destination='Cluj-Napoca', departure_time=2024-03-22T10:00, no_available_seats=18, no_total_seats=18])
18 Mar 2024 09:04:47,523 TRACE ro.mpp2024.Repository.EmployeesDBRepository 29 findByUsername - Enter Finding employee by username andrei_p
18 Mar 2024 09:04:47,534 TRACE ro.mpp2024.Utils.JdbcUtils 48 getConnection - Enter
18 Mar 2024 09:04:47,535 TRACE ro.mpp2024.Utils.JdbcUtils 25 getNewConnection - Enter
18 Mar 2024 09:04:47,536 INFO  ro.mpp2024.Utils.JdbcUtils 30 getNewConnection - trying to connect to database ... jdbc:mariadb://localhost:3306/firma_transport
18 Mar 2024 09:04:47,536 INFO  ro.mpp2024.Utils.JdbcUtils 31 getNewConnection - user: root
18 Mar 2024 09:04:47,537 INFO  ro.mpp2024.Utils.JdbcUtils 32 getNewConnection - pass: mariadb
18 Mar 2024 09:04:47,854 TRACE ro.mpp2024.Utils.JdbcUtils 57 getConnection - Exit with(org.mariadb.jdbc.Connection@39d76cb5)
18 Mar 2024 09:04:47,894 TRACE ro.mpp2024.Repository.EmployeesDBRepository 47 findByUsername - Exit with(id=1, username='andrei_p', password='3a8f7b6c00a3d17deeefc1ef97f60fb7d062c3844dcf61eb6507b9724a1871e7')
18 Mar 2024 09:04:47,896 TRACE ro.mpp2024.Repository.RoutesDBRepository 135 findAll - Enter Finding all routes
18 Mar 2024 09:04:47,896 TRACE ro.mpp2024.Utils.JdbcUtils 48 getConnection - Enter
18 Mar 2024 09:04:47,897 TRACE ro.mpp2024.Utils.JdbcUtils 25 getNewConnection - Enter
18 Mar 2024 09:04:47,897 INFO  ro.mpp2024.Utils.JdbcUtils 30 getNewConnection - trying to connect to database ... jdbc:mariadb://localhost:3306/firma_transport
18 Mar 2024 09:04:47,898 INFO  ro.mpp2024.Utils.JdbcUtils 31 getNewConnection - user: root
18 Mar 2024 09:04:47,899 INFO  ro.mpp2024.Utils.JdbcUtils 32 getNewConnection - pass: mariadb
18 Mar 2024 09:04:47,907 TRACE ro.mpp2024.Utils.JdbcUtils 57 getConnection - Exit with(org.mariadb.jdbc.Connection@5b3f61ff)
18 Mar 2024 09:04:47,926 TRACE ro.mpp2024.Repository.RoutesDBRepository 163 findAll - Exit with([id=1, destination='Cluj-Napoca', departure_time=2024-03-22T10:00, no_available_seats=18, no_total_seats=18])
18 Mar 2024 09:04:47,927 TRACE ro.mpp2024.Repository.RoutesDBRepository 169 findRouteByDestinationDateTime - Enter Finding route by destination CLuj-Napoca and datetime 2024-03-22T16:00
18 Mar 2024 09:04:47,927 TRACE ro.mpp2024.Utils.JdbcUtils 48 getConnection - Enter
18 Mar 2024 09:04:47,928 TRACE ro.mpp2024.Utils.JdbcUtils 57 getConnection - Exit with(org.mariadb.jdbc.Connection@5b3f61ff)
18 Mar 2024 09:04:47,943 TRACE ro.mpp2024.Repository.ReservationsDBRepository 172 findByRouteId - Enter Finding reservation by route id 1
18 Mar 2024 09:04:47,943 TRACE ro.mpp2024.Utils.JdbcUtils 48 getConnection - Enter
18 Mar 2024 09:04:47,944 TRACE ro.mpp2024.Utils.JdbcUtils 25 getNewConnection - Enter
18 Mar 2024 09:04:47,944 INFO  ro.mpp2024.Utils.JdbcUtils 30 getNewConnection - trying to connect to database ... jdbc:mariadb://localhost:3306/firma_transport
18 Mar 2024 09:04:47,945 INFO  ro.mpp2024.Utils.JdbcUtils 31 getNewConnection - user: root
18 Mar 2024 09:04:47,946 INFO  ro.mpp2024.Utils.JdbcUtils 32 getNewConnection - pass: mariadb
18 Mar 2024 09:04:47,955 TRACE ro.mpp2024.Utils.JdbcUtils 57 getConnection - Exit with(org.mariadb.jdbc.Connection@30c8681)
18 Mar 2024 09:04:47,960 ERROR ro.mpp2024.Repository.ReservationsDBRepository 200 findByRouteId - java.sql.SQLSyntaxErrorException: (conn=59) Table 'firma_transport.reservations' doesn't exist
18 Mar 2024 09:04:47,961 TRACE ro.mpp2024.Repository.ReservationsDBRepository 204 findByRouteId - Exit with([])
18 Mar 2024 09:04:47,974 TRACE ro.mpp2024.Repository.ReservationsDBRepository 29 add - Enter saving reservation id=null, route=id=1, destination='null', departure_time=null, no_available_seats=0, no_total_seats=0, seat_no=3, client_name='Daniel Paduraru'
18 Mar 2024 09:04:47,975 TRACE ro.mpp2024.Utils.JdbcUtils 48 getConnection - Enter
18 Mar 2024 09:04:47,975 TRACE ro.mpp2024.Utils.JdbcUtils 57 getConnection - Exit with(org.mariadb.jdbc.Connection@30c8681)
18 Mar 2024 09:04:47,977 ERROR ro.mpp2024.Repository.ReservationsDBRepository 44 add - java.sql.SQLSyntaxErrorException: (conn=59) Table 'firma_transport.reservations' doesn't exist
18 Mar 2024 09:04:47,977 TRACE ro.mpp2024.Repository.ReservationsDBRepository 47 add - Exit
18 Mar 2024 09:04:47,977 TRACE ro.mpp2024.Repository.ReservationsDBRepository 138 findAll - Enter Finding all reservations
18 Mar 2024 09:04:47,979 TRACE ro.mpp2024.Utils.JdbcUtils 48 getConnection - Enter
18 Mar 2024 09:04:47,979 TRACE ro.mpp2024.Utils.JdbcUtils 57 getConnection - Exit with(org.mariadb.jdbc.Connection@30c8681)
18 Mar 2024 09:04:47,980 ERROR ro.mpp2024.Repository.ReservationsDBRepository 163 findAll - java.sql.SQLSyntaxErrorException: (conn=59) Table 'firma_transport.reservations' doesn't exist
18 Mar 2024 09:04:47,980 TRACE ro.mpp2024.Repository.ReservationsDBRepository 166 findAll - Exit with([])
18 Mar 2024 09:05:13,357 TRACE ro.mpp2024.Repository.EmployeesDBRepository 29 findByUsername - Enter Finding employee by username andrei_p
18 Mar 2024 09:05:13,364 TRACE ro.mpp2024.Utils.JdbcUtils 48 getConnection - Enter
18 Mar 2024 09:05:13,364 TRACE ro.mpp2024.Utils.JdbcUtils 25 getNewConnection - Enter
18 Mar 2024 09:05:13,365 INFO  ro.mpp2024.Utils.JdbcUtils 30 getNewConnection - trying to connect to database ... jdbc:mariadb://localhost:3306/firma_transport
18 Mar 2024 09:05:13,366 INFO  ro.mpp2024.Utils.JdbcUtils 31 getNewConnection - user: root
18 Mar 2024 09:05:13,367 INFO  ro.mpp2024.Utils.JdbcUtils 32 getNewConnection - pass: mariadb
18 Mar 2024 09:05:13,591 TRACE ro.mpp2024.Utils.JdbcUtils 57 getConnection - Exit with(org.mariadb.jdbc.Connection@39d76cb5)
18 Mar 2024 09:05:13,623 TRACE ro.mpp2024.Repository.EmployeesDBRepository 47 findByUsername - Exit with(id=1, username='andrei_p', password='3a8f7b6c00a3d17deeefc1ef97f60fb7d062c3844dcf61eb6507b9724a1871e7')
18 Mar 2024 09:05:13,625 TRACE ro.mpp2024.Repository.RoutesDBRepository 135 findAll - Enter Finding all routes
18 Mar 2024 09:05:13,625 TRACE ro.mpp2024.Utils.JdbcUtils 48 getConnection - Enter
18 Mar 2024 09:05:13,626 TRACE ro.mpp2024.Utils.JdbcUtils 25 getNewConnection - Enter
18 Mar 2024 09:05:13,627 INFO  ro.mpp2024.Utils.JdbcUtils 30 getNewConnection - trying to connect to database ... jdbc:mariadb://localhost:3306/firma_transport
18 Mar 2024 09:05:13,627 INFO  ro.mpp2024.Utils.JdbcUtils 31 getNewConnection - user: root
18 Mar 2024 09:05:13,628 INFO  ro.mpp2024.Utils.JdbcUtils 32 getNewConnection - pass: mariadb
18 Mar 2024 09:05:13,634 TRACE ro.mpp2024.Utils.JdbcUtils 57 getConnection - Exit with(org.mariadb.jdbc.Connection@5b3f61ff)
18 Mar 2024 09:05:13,647 TRACE ro.mpp2024.Repository.RoutesDBRepository 163 findAll - Exit with([id=1, destination='Cluj-Napoca', departure_time=2024-03-22T10:00, no_available_seats=18, no_total_seats=18])
18 Mar 2024 09:05:13,648 TRACE ro.mpp2024.Repository.RoutesDBRepository 169 findRouteByDestinationDateTime - Enter Finding route by destination CLuj-Napoca and datetime 2024-03-22T16:00
18 Mar 2024 09:05:13,648 TRACE ro.mpp2024.Utils.JdbcUtils 48 getConnection - Enter
18 Mar 2024 09:05:13,649 TRACE ro.mpp2024.Utils.JdbcUtils 57 getConnection - Exit with(org.mariadb.jdbc.Connection@5b3f61ff)
18 Mar 2024 09:05:13,656 TRACE ro.mpp2024.Repository.ReservationsDBRepository 172 findByRouteId - Enter Finding reservation by route id 1
18 Mar 2024 09:05:13,657 TRACE ro.mpp2024.Utils.JdbcUtils 48 getConnection - Enter
18 Mar 2024 09:05:13,657 TRACE ro.mpp2024.Utils.JdbcUtils 25 getNewConnection - Enter
18 Mar 2024 09:05:13,657 INFO  ro.mpp2024.Utils.JdbcUtils 30 getNewConnection - trying to connect to database ... jdbc:mariadb://localhost:3306/firma_transport
18 Mar 2024 09:05:13,659 INFO  ro.mpp2024.Utils.JdbcUtils 31 getNewConnection - user: root
18 Mar 2024 09:05:13,659 INFO  ro.mpp2024.Utils.JdbcUtils 32 getNewConnection - pass: mariadb
18 Mar 2024 09:05:13,665 TRACE ro.mpp2024.Utils.JdbcUtils 57 getConnection - Exit with(org.mariadb.jdbc.Connection@30c8681)
18 Mar 2024 09:05:13,669 ERROR ro.mpp2024.Repository.ReservationsDBRepository 200 findByRouteId - java.sql.SQLSyntaxErrorException: (conn=62) Table 'firma_transport.reservations' doesn't exist
18 Mar 2024 09:05:13,670 TRACE ro.mpp2024.Repository.ReservationsDBRepository 204 findByRouteId - Exit with([])
18 Mar 2024 09:05:13,681 TRACE ro.mpp2024.Repository.ReservationsDBRepository 29 add - Enter saving reservation id=null, route=id=1, destination='null', departure_time=null, no_available_seats=0, no_total_seats=0, seat_no=3, client_name='Daniel Paduraru'
18 Mar 2024 09:05:13,681 TRACE ro.mpp2024.Utils.JdbcUtils 48 getConnection - Enter
18 Mar 2024 09:05:13,682 TRACE ro.mpp2024.Utils.JdbcUtils 57 getConnection - Exit with(org.mariadb.jdbc.Connection@30c8681)
18 Mar 2024 09:05:13,683 ERROR ro.mpp2024.Repository.ReservationsDBRepository 44 add - java.sql.SQLSyntaxErrorException: (conn=62) Table 'firma_transport.reservations' doesn't exist
18 Mar 2024 09:05:13,683 TRACE ro.mpp2024.Repository.ReservationsDBRepository 47 add - Exit
18 Mar 2024 09:05:13,684 TRACE ro.mpp2024.Repository.ReservationsDBRepository 138 findAll - Enter Finding all reservations
18 Mar 2024 09:05:13,684 TRACE ro.mpp2024.Utils.JdbcUtils 48 getConnection - Enter
18 Mar 2024 09:05:13,684 TRACE ro.mpp2024.Utils.JdbcUtils 57 getConnection - Exit with(org.mariadb.jdbc.Connection@30c8681)
18 Mar 2024 09:05:13,685 ERROR ro.mpp2024.Repository.ReservationsDBRepository 163 findAll - java.sql.SQLSyntaxErrorException: (conn=62) Table 'firma_transport.reservations' doesn't exist
18 Mar 2024 09:05:13,686 TRACE ro.mpp2024.Repository.ReservationsDBRepository 166 findAll - Exit with([])
18 Mar 2024 09:05:35,121 TRACE ro.mpp2024.Repository.EmployeesDBRepository 29 findByUsername - Enter Finding employee by username andrei_p
18 Mar 2024 09:05:35,130 TRACE ro.mpp2024.Utils.JdbcUtils 48 getConnection - Enter
18 Mar 2024 09:05:35,130 TRACE ro.mpp2024.Utils.JdbcUtils 25 getNewConnection - Enter
18 Mar 2024 09:05:35,130 INFO  ro.mpp2024.Utils.JdbcUtils 30 getNewConnection - trying to connect to database ... jdbc:mariadb://localhost:3306/firma_transport
18 Mar 2024 09:05:35,131 INFO  ro.mpp2024.Utils.JdbcUtils 31 getNewConnection - user: root
18 Mar 2024 09:05:35,132 INFO  ro.mpp2024.Utils.JdbcUtils 32 getNewConnection - pass: mariadb
18 Mar 2024 09:05:35,345 TRACE ro.mpp2024.Utils.JdbcUtils 57 getConnection - Exit with(org.mariadb.jdbc.Connection@39d76cb5)
18 Mar 2024 09:05:35,374 TRACE ro.mpp2024.Repository.EmployeesDBRepository 47 findByUsername - Exit with(id=1, username='andrei_p', password='3a8f7b6c00a3d17deeefc1ef97f60fb7d062c3844dcf61eb6507b9724a1871e7')
18 Mar 2024 09:05:35,376 TRACE ro.mpp2024.Repository.RoutesDBRepository 135 findAll - Enter Finding all routes
18 Mar 2024 09:05:35,376 TRACE ro.mpp2024.Utils.JdbcUtils 48 getConnection - Enter
18 Mar 2024 09:05:35,377 TRACE ro.mpp2024.Utils.JdbcUtils 25 getNewConnection - Enter
18 Mar 2024 09:05:35,379 INFO  ro.mpp2024.Utils.JdbcUtils 30 getNewConnection - trying to connect to database ... jdbc:mariadb://localhost:3306/firma_transport
18 Mar 2024 09:05:35,379 INFO  ro.mpp2024.Utils.JdbcUtils 31 getNewConnection - user: root
18 Mar 2024 09:05:35,380 INFO  ro.mpp2024.Utils.JdbcUtils 32 getNewConnection - pass: mariadb
18 Mar 2024 09:05:35,388 TRACE ro.mpp2024.Utils.JdbcUtils 57 getConnection - Exit with(org.mariadb.jdbc.Connection@5b3f61ff)
18 Mar 2024 09:05:35,402 TRACE ro.mpp2024.Repository.RoutesDBRepository 163 findAll - Exit with([id=1, destination='Cluj-Napoca', departure_time=2024-03-22T10:00, no_available_seats=18, no_total_seats=18])
18 Mar 2024 09:05:35,403 TRACE ro.mpp2024.Repository.RoutesDBRepository 169 findRouteByDestinationDateTime - Enter Finding route by destination CLuj-Napoca and datetime 2024-03-22T16:00
18 Mar 2024 09:05:35,404 TRACE ro.mpp2024.Utils.JdbcUtils 48 getConnection - Enter
18 Mar 2024 09:05:35,406 TRACE ro.mpp2024.Utils.JdbcUtils 57 getConnection - Exit with(org.mariadb.jdbc.Connection@5b3f61ff)
18 Mar 2024 09:05:35,415 TRACE ro.mpp2024.Repository.ReservationsDBRepository 172 findByRouteId - Enter Finding reservation by route id 1
18 Mar 2024 09:05:35,416 TRACE ro.mpp2024.Utils.JdbcUtils 48 getConnection - Enter
18 Mar 2024 09:05:35,416 TRACE ro.mpp2024.Utils.JdbcUtils 25 getNewConnection - Enter
18 Mar 2024 09:05:35,417 INFO  ro.mpp2024.Utils.JdbcUtils 30 getNewConnection - trying to connect to database ... jdbc:mariadb://localhost:3306/firma_transport
18 Mar 2024 09:05:35,417 INFO  ro.mpp2024.Utils.JdbcUtils 31 getNewConnection - user: root
18 Mar 2024 09:05:35,419 INFO  ro.mpp2024.Utils.JdbcUtils 32 getNewConnection - pass: mariadb
18 Mar 2024 09:05:35,428 TRACE ro.mpp2024.Utils.JdbcUtils 57 getConnection - Exit with(org.mariadb.jdbc.Connection@30c8681)
18 Mar 2024 09:05:35,431 TRACE ro.mpp2024.Repository.RoutesDBRepository 100 findById - Enter Finding route by id 1
18 Mar 2024 09:05:35,431 TRACE ro.mpp2024.Utils.JdbcUtils 48 getConnection - Enter
18 Mar 2024 09:05:35,432 TRACE ro.mpp2024.Utils.JdbcUtils 57 getConnection - Exit with(org.mariadb.jdbc.Connection@5b3f61ff)
18 Mar 2024 09:05:35,434 TRACE ro.mpp2024.Repository.RoutesDBRepository 120 findById - Exit with(id=1, destination='Cluj-Napoca', departure_time=2024-03-22T10:00, no_available_seats=18, no_total_seats=18)
18 Mar 2024 09:05:35,443 TRACE ro.mpp2024.Repository.ReservationsDBRepository 204 findByRouteId - Exit with([id=1, route=id=1, destination='Cluj-Napoca', departure_time=2024-03-22T10:00, no_available_seats=18, no_total_seats=18, seat_no=1, client_name='Daniel Paduraru', id=2, route=id=1, destination='Cluj-Napoca', departure_time=2024-03-22T10:00, no_available_seats=18, no_total_seats=18, seat_no=2, client_name='Daniel Paduraru'])
18 Mar 2024 09:05:35,445 TRACE ro.mpp2024.Repository.ReservationsDBRepository 29 add - Enter saving reservation id=null, route=id=1, destination='null', departure_time=null, no_available_seats=0, no_total_seats=0, seat_no=3, client_name='Daniel Paduraru'
18 Mar 2024 09:05:35,445 TRACE ro.mpp2024.Utils.JdbcUtils 48 getConnection - Enter
18 Mar 2024 09:05:35,446 TRACE ro.mpp2024.Utils.JdbcUtils 57 getConnection - Exit with(org.mariadb.jdbc.Connection@30c8681)
18 Mar 2024 09:05:35,447 TRACE ro.mpp2024.Repository.ReservationsDBRepository 41 add - Saving 1 instances
18 Mar 2024 09:05:35,448 TRACE ro.mpp2024.Repository.ReservationsDBRepository 47 add - Exit
18 Mar 2024 09:05:35,448 TRACE ro.mpp2024.Repository.ReservationsDBRepository 138 findAll - Enter Finding all reservations
18 Mar 2024 09:05:35,449 TRACE ro.mpp2024.Utils.JdbcUtils 48 getConnection - Enter
18 Mar 2024 09:05:35,449 TRACE ro.mpp2024.Utils.JdbcUtils 57 getConnection - Exit with(org.mariadb.jdbc.Connection@30c8681)
18 Mar 2024 09:05:35,450 TRACE ro.mpp2024.Repository.RoutesDBRepository 100 findById - Enter Finding route by id 1
18 Mar 2024 09:05:35,452 TRACE ro.mpp2024.Utils.JdbcUtils 48 getConnection - Enter
18 Mar 2024 09:05:35,452 TRACE ro.mpp2024.Utils.JdbcUtils 57 getConnection - Exit with(org.mariadb.jdbc.Connection@5b3f61ff)
18 Mar 2024 09:05:35,453 TRACE ro.mpp2024.Repository.RoutesDBRepository 120 findById - Exit with(id=1, destination='Cluj-Napoca', departure_time=2024-03-22T10:00, no_available_seats=18, no_total_seats=18)
18 Mar 2024 09:05:35,454 TRACE ro.mpp2024.Repository.RoutesDBRepository 100 findById - Enter Finding route by id 1
18 Mar 2024 09:05:35,454 TRACE ro.mpp2024.Utils.JdbcUtils 48 getConnection - Enter
18 Mar 2024 09:05:35,455 TRACE ro.mpp2024.Utils.JdbcUtils 57 getConnection - Exit with(org.mariadb.jdbc.Connection@5b3f61ff)
18 Mar 2024 09:05:35,456 TRACE ro.mpp2024.Repository.RoutesDBRepository 120 findById - Exit with(id=1, destination='Cluj-Napoca', departure_time=2024-03-22T10:00, no_available_seats=18, no_total_seats=18)
18 Mar 2024 09:05:35,456 TRACE ro.mpp2024.Repository.RoutesDBRepository 100 findById - Enter Finding route by id 1
18 Mar 2024 09:05:35,457 TRACE ro.mpp2024.Utils.JdbcUtils 48 getConnection - Enter
18 Mar 2024 09:05:35,458 TRACE ro.mpp2024.Utils.JdbcUtils 57 getConnection - Exit with(org.mariadb.jdbc.Connection@5b3f61ff)
18 Mar 2024 09:05:35,459 TRACE ro.mpp2024.Repository.RoutesDBRepository 120 findById - Exit with(id=1, destination='Cluj-Napoca', departure_time=2024-03-22T10:00, no_available_seats=18, no_total_seats=18)
18 Mar 2024 09:05:35,459 TRACE ro.mpp2024.Repository.ReservationsDBRepository 166 findAll - Exit with([id=1, route=id=1, destination='Cluj-Napoca', departure_time=2024-03-22T10:00, no_available_seats=18, no_total_seats=18, seat_no=1, client_name='Daniel Paduraru', id=2, route=id=1, destination='Cluj-Napoca', departure_time=2024-03-22T10:00, no_available_seats=18, no_total_seats=18, seat_no=2, client_name='Daniel Paduraru', id=3, route=id=1, destination='Cluj-Napoca', departure_time=2024-03-22T10:00, no_available_seats=18, no_total_seats=18, seat_no=3, client_name='Daniel Paduraru'])
18 Mar 2024 09:08:23,804 TRACE ro.mpp2024.Repository.EmployeesDBRepository 29 findByUsername - Enter Finding employee by username andrei_p
18 Mar 2024 09:08:23,810 TRACE ro.mpp2024.Utils.JdbcUtils 48 getConnection - Enter
18 Mar 2024 09:08:23,810 TRACE ro.mpp2024.Utils.JdbcUtils 25 getNewConnection - Enter
18 Mar 2024 09:08:23,811 INFO  ro.mpp2024.Utils.JdbcUtils 30 getNewConnection - trying to connect to database ... jdbc:mariadb://localhost:3306/firma_transport
18 Mar 2024 09:08:23,811 INFO  ro.mpp2024.Utils.JdbcUtils 31 getNewConnection - user: root
18 Mar 2024 09:08:23,813 INFO  ro.mpp2024.Utils.JdbcUtils 32 getNewConnection - pass: mariadb
18 Mar 2024 09:08:24,019 TRACE ro.mpp2024.Utils.JdbcUtils 57 getConnection - Exit with(org.mariadb.jdbc.Connection@39d76cb5)
18 Mar 2024 09:08:24,046 TRACE ro.mpp2024.Repository.EmployeesDBRepository 47 findByUsername - Exit with(id=1, username='andrei_p', password='3a8f7b6c00a3d17deeefc1ef97f60fb7d062c3844dcf61eb6507b9724a1871e7')
18 Mar 2024 09:08:24,047 TRACE ro.mpp2024.Repository.RoutesDBRepository 135 findAll - Enter Finding all routes
18 Mar 2024 09:08:24,047 TRACE ro.mpp2024.Utils.JdbcUtils 48 getConnection - Enter
18 Mar 2024 09:08:24,048 TRACE ro.mpp2024.Utils.JdbcUtils 25 getNewConnection - Enter
18 Mar 2024 09:08:24,048 INFO  ro.mpp2024.Utils.JdbcUtils 30 getNewConnection - trying to connect to database ... jdbc:mariadb://localhost:3306/firma_transport
18 Mar 2024 09:08:24,050 INFO  ro.mpp2024.Utils.JdbcUtils 31 getNewConnection - user: root
18 Mar 2024 09:08:24,050 INFO  ro.mpp2024.Utils.JdbcUtils 32 getNewConnection - pass: mariadb
18 Mar 2024 09:08:24,057 TRACE ro.mpp2024.Utils.JdbcUtils 57 getConnection - Exit with(org.mariadb.jdbc.Connection@5b3f61ff)
18 Mar 2024 09:08:24,072 TRACE ro.mpp2024.Repository.RoutesDBRepository 163 findAll - Exit with([id=1, destination='Cluj-Napoca', departure_time=2024-03-22T10:00, no_available_seats=18, no_total_seats=18])
18 Mar 2024 09:08:24,073 TRACE ro.mpp2024.Repository.RoutesDBRepository 169 findRouteByDestinationDateTime - Enter Finding route by destination CLuj-Napoca and datetime 2024-03-22T10:00
18 Mar 2024 09:08:24,073 TRACE ro.mpp2024.Utils.JdbcUtils 48 getConnection - Enter
18 Mar 2024 09:08:24,074 TRACE ro.mpp2024.Utils.JdbcUtils 57 getConnection - Exit with(org.mariadb.jdbc.Connection@5b3f61ff)
18 Mar 2024 09:08:24,083 TRACE ro.mpp2024.Repository.RoutesDBRepository 189 findRouteByDestinationDateTime - Exit with(id=1, destination='CLuj-Napoca', departure_time=2024-03-22T10:00, no_available_seats=18, no_total_seats=18)
18 Mar 2024 09:08:24,083 TRACE ro.mpp2024.Repository.ReservationsDBRepository 172 findByRouteId - Enter Finding reservation by route id 1
18 Mar 2024 09:08:24,084 TRACE ro.mpp2024.Utils.JdbcUtils 48 getConnection - Enter
18 Mar 2024 09:08:24,084 TRACE ro.mpp2024.Utils.JdbcUtils 25 getNewConnection - Enter
18 Mar 2024 09:08:24,085 INFO  ro.mpp2024.Utils.JdbcUtils 30 getNewConnection - trying to connect to database ... jdbc:mariadb://localhost:3306/firma_transport
18 Mar 2024 09:08:24,085 INFO  ro.mpp2024.Utils.JdbcUtils 31 getNewConnection - user: root
18 Mar 2024 09:08:24,086 INFO  ro.mpp2024.Utils.JdbcUtils 32 getNewConnection - pass: mariadb
18 Mar 2024 09:08:24,093 TRACE ro.mpp2024.Utils.JdbcUtils 57 getConnection - Exit with(org.mariadb.jdbc.Connection@30c8681)
18 Mar 2024 09:08:24,095 TRACE ro.mpp2024.Repository.RoutesDBRepository 100 findById - Enter Finding route by id 1
18 Mar 2024 09:08:24,096 TRACE ro.mpp2024.Utils.JdbcUtils 48 getConnection - Enter
18 Mar 2024 09:08:24,097 TRACE ro.mpp2024.Utils.JdbcUtils 57 getConnection - Exit with(org.mariadb.jdbc.Connection@5b3f61ff)
18 Mar 2024 09:08:24,098 TRACE ro.mpp2024.Repository.RoutesDBRepository 120 findById - Exit with(id=1, destination='Cluj-Napoca', departure_time=2024-03-22T10:00, no_available_seats=18, no_total_seats=18)
18 Mar 2024 09:08:24,107 TRACE ro.mpp2024.Repository.ReservationsDBRepository 204 findByRouteId - Exit with([id=1, route=id=1, destination='Cluj-Napoca', departure_time=2024-03-22T10:00, no_available_seats=18, no_total_seats=18, seat_no=1, client_name='Daniel Paduraru', id=2, route=id=1, destination='Cluj-Napoca', departure_time=2024-03-22T10:00, no_available_seats=18, no_total_seats=18, seat_no=2, client_name='Daniel Paduraru', id=3, route=id=1, destination='Cluj-Napoca', departure_time=2024-03-22T10:00, no_available_seats=18, no_total_seats=18, seat_no=3, client_name='Daniel Paduraru'])
18 Mar 2024 09:08:24,108 TRACE ro.mpp2024.Repository.ReservationsDBRepository 29 add - Enter saving reservation id=null, route=id=1, destination='null', departure_time=null, no_available_seats=0, no_total_seats=0, seat_no=3, client_name='Daniel Paduraru'
18 Mar 2024 09:08:24,108 TRACE ro.mpp2024.Utils.JdbcUtils 48 getConnection - Enter
18 Mar 2024 09:08:24,108 TRACE ro.mpp2024.Utils.JdbcUtils 57 getConnection - Exit with(org.mariadb.jdbc.Connection@30c8681)
18 Mar 2024 09:08:24,110 TRACE ro.mpp2024.Repository.ReservationsDBRepository 41 add - Saving 1 instances
18 Mar 2024 09:08:24,111 TRACE ro.mpp2024.Repository.ReservationsDBRepository 47 add - Exit
18 Mar 2024 09:08:24,111 TRACE ro.mpp2024.Repository.ReservationsDBRepository 138 findAll - Enter Finding all reservations
18 Mar 2024 09:08:24,111 TRACE ro.mpp2024.Utils.JdbcUtils 48 getConnection - Enter
18 Mar 2024 09:08:24,112 TRACE ro.mpp2024.Utils.JdbcUtils 57 getConnection - Exit with(org.mariadb.jdbc.Connection@30c8681)
18 Mar 2024 09:08:24,113 TRACE ro.mpp2024.Repository.RoutesDBRepository 100 findById - Enter Finding route by id 1
18 Mar 2024 09:08:24,113 TRACE ro.mpp2024.Utils.JdbcUtils 48 getConnection - Enter
18 Mar 2024 09:08:24,114 TRACE ro.mpp2024.Utils.JdbcUtils 57 getConnection - Exit with(org.mariadb.jdbc.Connection@5b3f61ff)
18 Mar 2024 09:08:24,115 TRACE ro.mpp2024.Repository.RoutesDBRepository 120 findById - Exit with(id=1, destination='Cluj-Napoca', departure_time=2024-03-22T10:00, no_available_seats=18, no_total_seats=18)
18 Mar 2024 09:08:24,115 TRACE ro.mpp2024.Repository.RoutesDBRepository 100 findById - Enter Finding route by id 1
18 Mar 2024 09:08:24,116 TRACE ro.mpp2024.Utils.JdbcUtils 48 getConnection - Enter
18 Mar 2024 09:08:24,116 TRACE ro.mpp2024.Utils.JdbcUtils 57 getConnection - Exit with(org.mariadb.jdbc.Connection@5b3f61ff)
18 Mar 2024 09:08:24,118 TRACE ro.mpp2024.Repository.RoutesDBRepository 120 findById - Exit with(id=1, destination='Cluj-Napoca', departure_time=2024-03-22T10:00, no_available_seats=18, no_total_seats=18)
18 Mar 2024 09:08:24,118 TRACE ro.mpp2024.Repository.RoutesDBRepository 100 findById - Enter Finding route by id 1
18 Mar 2024 09:08:24,118 TRACE ro.mpp2024.Utils.JdbcUtils 48 getConnection - Enter
18 Mar 2024 09:08:24,119 TRACE ro.mpp2024.Utils.JdbcUtils 57 getConnection - Exit with(org.mariadb.jdbc.Connection@5b3f61ff)
18 Mar 2024 09:08:24,120 TRACE ro.mpp2024.Repository.RoutesDBRepository 120 findById - Exit with(id=1, destination='Cluj-Napoca', departure_time=2024-03-22T10:00, no_available_seats=18, no_total_seats=18)
18 Mar 2024 09:08:24,120 TRACE ro.mpp2024.Repository.RoutesDBRepository 100 findById - Enter Finding route by id 1
18 Mar 2024 09:08:24,121 TRACE ro.mpp2024.Utils.JdbcUtils 48 getConnection - Enter
18 Mar 2024 09:08:24,121 TRACE ro.mpp2024.Utils.JdbcUtils 57 getConnection - Exit with(org.mariadb.jdbc.Connection@5b3f61ff)
18 Mar 2024 09:08:24,122 TRACE ro.mpp2024.Repository.RoutesDBRepository 120 findById - Exit with(id=1, destination='Cluj-Napoca', departure_time=2024-03-22T10:00, no_available_seats=18, no_total_seats=18)
18 Mar 2024 09:08:24,123 TRACE ro.mpp2024.Repository.ReservationsDBRepository 166 findAll - Exit with([id=1, route=id=1, destination='Cluj-Napoca', departure_time=2024-03-22T10:00, no_available_seats=18, no_total_seats=18, seat_no=1, client_name='Daniel Paduraru', id=2, route=id=1, destination='Cluj-Napoca', departure_time=2024-03-22T10:00, no_available_seats=18, no_total_seats=18, seat_no=2, client_name='Daniel Paduraru', id=3, route=id=1, destination='Cluj-Napoca', departure_time=2024-03-22T10:00, no_available_seats=18, no_total_seats=18, seat_no=3, client_name='Daniel Paduraru', id=4, route=id=1, destination='Cluj-Napoca', departure_time=2024-03-22T10:00, no_available_seats=18, no_total_seats=18, seat_no=3, client_name='Daniel Paduraru'])
18 Mar 2024 09:08:28,354 TRACE ro.mpp2024.Repository.EmployeesDBRepository 29 findByUsername - Enter Finding employee by username andrei_p
18 Mar 2024 09:08:28,360 TRACE ro.mpp2024.Utils.JdbcUtils 48 getConnection - Enter
18 Mar 2024 09:08:28,360 TRACE ro.mpp2024.Utils.JdbcUtils 25 getNewConnection - Enter
18 Mar 2024 09:08:28,361 INFO  ro.mpp2024.Utils.JdbcUtils 30 getNewConnection - trying to connect to database ... jdbc:mariadb://localhost:3306/firma_transport
18 Mar 2024 09:08:28,361 INFO  ro.mpp2024.Utils.JdbcUtils 31 getNewConnection - user: root
18 Mar 2024 09:08:28,361 INFO  ro.mpp2024.Utils.JdbcUtils 32 getNewConnection - pass: mariadb
18 Mar 2024 09:08:28,596 TRACE ro.mpp2024.Utils.JdbcUtils 57 getConnection - Exit with(org.mariadb.jdbc.Connection@39d76cb5)
18 Mar 2024 09:08:28,628 TRACE ro.mpp2024.Repository.EmployeesDBRepository 47 findByUsername - Exit with(id=1, username='andrei_p', password='3a8f7b6c00a3d17deeefc1ef97f60fb7d062c3844dcf61eb6507b9724a1871e7')
18 Mar 2024 09:08:28,629 TRACE ro.mpp2024.Repository.RoutesDBRepository 135 findAll - Enter Finding all routes
18 Mar 2024 09:08:28,629 TRACE ro.mpp2024.Utils.JdbcUtils 48 getConnection - Enter
18 Mar 2024 09:08:28,631 TRACE ro.mpp2024.Utils.JdbcUtils 25 getNewConnection - Enter
18 Mar 2024 09:08:28,631 INFO  ro.mpp2024.Utils.JdbcUtils 30 getNewConnection - trying to connect to database ... jdbc:mariadb://localhost:3306/firma_transport
18 Mar 2024 09:08:28,632 INFO  ro.mpp2024.Utils.JdbcUtils 31 getNewConnection - user: root
18 Mar 2024 09:08:28,633 INFO  ro.mpp2024.Utils.JdbcUtils 32 getNewConnection - pass: mariadb
18 Mar 2024 09:08:28,639 TRACE ro.mpp2024.Utils.JdbcUtils 57 getConnection - Exit with(org.mariadb.jdbc.Connection@5b3f61ff)
18 Mar 2024 09:08:28,651 TRACE ro.mpp2024.Repository.RoutesDBRepository 163 findAll - Exit with([id=1, destination='Cluj-Napoca', departure_time=2024-03-22T10:00, no_available_seats=18, no_total_seats=18])
18 Mar 2024 09:08:28,652 TRACE ro.mpp2024.Repository.RoutesDBRepository 169 findRouteByDestinationDateTime - Enter Finding route by destination CLuj-Napoca and datetime 2024-03-22T10:00
18 Mar 2024 09:08:28,653 TRACE ro.mpp2024.Utils.JdbcUtils 48 getConnection - Enter
18 Mar 2024 09:08:28,653 TRACE ro.mpp2024.Utils.JdbcUtils 57 getConnection - Exit with(org.mariadb.jdbc.Connection@5b3f61ff)
18 Mar 2024 09:08:28,664 TRACE ro.mpp2024.Repository.RoutesDBRepository 189 findRouteByDestinationDateTime - Exit with(id=1, destination='CLuj-Napoca', departure_time=2024-03-22T10:00, no_available_seats=18, no_total_seats=18)
18 Mar 2024 09:08:28,665 TRACE ro.mpp2024.Repository.ReservationsDBRepository 172 findByRouteId - Enter Finding reservation by route id 1
18 Mar 2024 09:08:28,666 TRACE ro.mpp2024.Utils.JdbcUtils 48 getConnection - Enter
18 Mar 2024 09:08:28,666 TRACE ro.mpp2024.Utils.JdbcUtils 25 getNewConnection - Enter
18 Mar 2024 09:08:28,667 INFO  ro.mpp2024.Utils.JdbcUtils 30 getNewConnection - trying to connect to database ... jdbc:mariadb://localhost:3306/firma_transport
18 Mar 2024 09:08:28,667 INFO  ro.mpp2024.Utils.JdbcUtils 31 getNewConnection - user: root
18 Mar 2024 09:08:28,667 INFO  ro.mpp2024.Utils.JdbcUtils 32 getNewConnection - pass: mariadb
18 Mar 2024 09:08:28,674 TRACE ro.mpp2024.Utils.JdbcUtils 57 getConnection - Exit with(org.mariadb.jdbc.Connection@30c8681)
18 Mar 2024 09:08:28,676 TRACE ro.mpp2024.Repository.RoutesDBRepository 100 findById - Enter Finding route by id 1
18 Mar 2024 09:08:28,677 TRACE ro.mpp2024.Utils.JdbcUtils 48 getConnection - Enter
18 Mar 2024 09:08:28,677 TRACE ro.mpp2024.Utils.JdbcUtils 57 getConnection - Exit with(org.mariadb.jdbc.Connection@5b3f61ff)
18 Mar 2024 09:08:28,678 TRACE ro.mpp2024.Repository.RoutesDBRepository 120 findById - Exit with(id=1, destination='Cluj-Napoca', departure_time=2024-03-22T10:00, no_available_seats=18, no_total_seats=18)
18 Mar 2024 09:08:28,688 TRACE ro.mpp2024.Repository.ReservationsDBRepository 204 findByRouteId - Exit with([id=1, route=id=1, destination='Cluj-Napoca', departure_time=2024-03-22T10:00, no_available_seats=18, no_total_seats=18, seat_no=1, client_name='Daniel Paduraru', id=2, route=id=1, destination='Cluj-Napoca', departure_time=2024-03-22T10:00, no_available_seats=18, no_total_seats=18, seat_no=2, client_name='Daniel Paduraru', id=3, route=id=1, destination='Cluj-Napoca', departure_time=2024-03-22T10:00, no_available_seats=18, no_total_seats=18, seat_no=3, client_name='Daniel Paduraru', id=4, route=id=1, destination='Cluj-Napoca', departure_time=2024-03-22T10:00, no_available_seats=18, no_total_seats=18, seat_no=3, client_name='Daniel Paduraru'])
18 Mar 2024 09:08:28,689 TRACE ro.mpp2024.Repository.ReservationsDBRepository 29 add - Enter saving reservation id=null, route=id=1, destination='null', departure_time=null, no_available_seats=0, no_total_seats=0, seat_no=3, client_name='Daniel Paduraru'
18 Mar 2024 09:08:28,689 TRACE ro.mpp2024.Utils.JdbcUtils 48 getConnection - Enter
18 Mar 2024 09:08:28,689 TRACE ro.mpp2024.Utils.JdbcUtils 57 getConnection - Exit with(org.mariadb.jdbc.Connection@30c8681)
18 Mar 2024 09:08:28,692 TRACE ro.mpp2024.Repository.ReservationsDBRepository 41 add - Saving 1 instances
18 Mar 2024 09:08:28,692 TRACE ro.mpp2024.Repository.ReservationsDBRepository 47 add - Exit
18 Mar 2024 09:08:28,692 TRACE ro.mpp2024.Repository.ReservationsDBRepository 138 findAll - Enter Finding all reservations
18 Mar 2024 09:08:28,693 TRACE ro.mpp2024.Utils.JdbcUtils 48 getConnection - Enter
18 Mar 2024 09:08:28,693 TRACE ro.mpp2024.Utils.JdbcUtils 57 getConnection - Exit with(org.mariadb.jdbc.Connection@30c8681)
18 Mar 2024 09:08:28,694 TRACE ro.mpp2024.Repository.RoutesDBRepository 100 findById - Enter Finding route by id 1
18 Mar 2024 09:08:28,694 TRACE ro.mpp2024.Utils.JdbcUtils 48 getConnection - Enter
18 Mar 2024 09:08:28,695 TRACE ro.mpp2024.Utils.JdbcUtils 57 getConnection - Exit with(org.mariadb.jdbc.Connection@5b3f61ff)
18 Mar 2024 09:08:28,696 TRACE ro.mpp2024.Repository.RoutesDBRepository 120 findById - Exit with(id=1, destination='Cluj-Napoca', departure_time=2024-03-22T10:00, no_available_seats=18, no_total_seats=18)
18 Mar 2024 09:08:28,696 TRACE ro.mpp2024.Repository.RoutesDBRepository 100 findById - Enter Finding route by id 1
18 Mar 2024 09:08:28,697 TRACE ro.mpp2024.Utils.JdbcUtils 48 getConnection - Enter
18 Mar 2024 09:08:28,697 TRACE ro.mpp2024.Utils.JdbcUtils 57 getConnection - Exit with(org.mariadb.jdbc.Connection@5b3f61ff)
18 Mar 2024 09:08:28,699 TRACE ro.mpp2024.Repository.RoutesDBRepository 120 findById - Exit with(id=1, destination='Cluj-Napoca', departure_time=2024-03-22T10:00, no_available_seats=18, no_total_seats=18)
18 Mar 2024 09:08:28,700 TRACE ro.mpp2024.Repository.RoutesDBRepository 100 findById - Enter Finding route by id 1
18 Mar 2024 09:08:28,700 TRACE ro.mpp2024.Utils.JdbcUtils 48 getConnection - Enter
18 Mar 2024 09:08:28,700 TRACE ro.mpp2024.Utils.JdbcUtils 57 getConnection - Exit with(org.mariadb.jdbc.Connection@5b3f61ff)
18 Mar 2024 09:08:28,702 TRACE ro.mpp2024.Repository.RoutesDBRepository 120 findById - Exit with(id=1, destination='Cluj-Napoca', departure_time=2024-03-22T10:00, no_available_seats=18, no_total_seats=18)
18 Mar 2024 09:08:28,702 TRACE ro.mpp2024.Repository.RoutesDBRepository 100 findById - Enter Finding route by id 1
18 Mar 2024 09:08:28,702 TRACE ro.mpp2024.Utils.JdbcUtils 48 getConnection - Enter
18 Mar 2024 09:08:28,702 TRACE ro.mpp2024.Utils.JdbcUtils 57 getConnection - Exit with(org.mariadb.jdbc.Connection@5b3f61ff)
18 Mar 2024 09:08:28,704 TRACE ro.mpp2024.Repository.RoutesDBRepository 120 findById - Exit with(id=1, destination='Cluj-Napoca', departure_time=2024-03-22T10:00, no_available_seats=18, no_total_seats=18)
18 Mar 2024 09:08:28,704 TRACE ro.mpp2024.Repository.RoutesDBRepository 100 findById - Enter Finding route by id 1
18 Mar 2024 09:08:28,705 TRACE ro.mpp2024.Utils.JdbcUtils 48 getConnection - Enter
18 Mar 2024 09:08:28,705 TRACE ro.mpp2024.Utils.JdbcUtils 57 getConnection - Exit with(org.mariadb.jdbc.Connection@5b3f61ff)
18 Mar 2024 09:08:28,706 TRACE ro.mpp2024.Repository.RoutesDBRepository 120 findById - Exit with(id=1, destination='Cluj-Napoca', departure_time=2024-03-22T10:00, no_available_seats=18, no_total_seats=18)
18 Mar 2024 09:08:28,707 TRACE ro.mpp2024.Repository.ReservationsDBRepository 166 findAll - Exit with([id=1, route=id=1, destination='Cluj-Napoca', departure_time=2024-03-22T10:00, no_available_seats=18, no_total_seats=18, seat_no=1, client_name='Daniel Paduraru', id=2, route=id=1, destination='Cluj-Napoca', departure_time=2024-03-22T10:00, no_available_seats=18, no_total_seats=18, seat_no=2, client_name='Daniel Paduraru', id=3, route=id=1, destination='Cluj-Napoca', departure_time=2024-03-22T10:00, no_available_seats=18, no_total_seats=18, seat_no=3, client_name='Daniel Paduraru', id=4, route=id=1, destination='Cluj-Napoca', departure_time=2024-03-22T10:00, no_available_seats=18, no_total_seats=18, seat_no=3, client_name='Daniel Paduraru', id=5, route=id=1, destination='Cluj-Napoca', departure_time=2024-03-22T10:00, no_available_seats=18, no_total_seats=18, seat_no=3, client_name='Daniel Paduraru'])
